<<< OpenFDTD (CPU+OpenMP) Ver.4.2.3 >>>
CPU, thread=1, process=1, vector=off
Sun Mar  9 18:13:52 2025
Title = dipole antenna
Source = feed
Cells = 30 x 30 x 31 = 27900
No. of Materials   = 3
No. of Geometries  = 1
No. of Feeds       = 1
No. of Points      = 0
No. of Freq.s (1)  = 11
No. of Freq.s (2)  = 1
CPU Memory size    = 3 [MB]
Output filesize    = 3 [MB]
ABC = Mur-1st
Dt[sec] = 9.3089e-12, Tw[sec] = 5.0800e-10, Tw/Dt = 54.572
Iterations = 1000, Convergence = 1.000e-03
=== iteration start ===
   step   <E>      <H>
      0 0.000000 0.000000
    100 4.957039 3.894716
    200 0.958861 0.874313
    300 0.188227 0.169974
    400 0.040359 0.034269
    500 0.006611 0.006112
    600 0.001508 0.001271
    --- converged ---
=== input impedance ===
feed #1 (Z0[ohm] = 50.00)
  frequency[Hz] Rin[ohm]   Xin[ohm]    Gin[mS]    Bin[mS]    Ref[dB]       VSWR
  2.00000e+09     34.646   -104.563      2.855      8.618     -2.096      8.328
  2.10000e+09     40.377    -81.766      4.855      9.832     -3.407      5.164
  2.20000e+09     46.789    -60.063      8.072     10.361     -5.547      3.238
  2.30000e+09     53.946    -39.196     12.132      8.815     -9.005      2.099
  2.40000e+09     61.946    -19.080     14.744      4.541    -14.057      1.494
  2.50000e+09     70.949      0.435     14.094     -0.086    -15.227      1.419
  2.60000e+09     81.178     19.248     11.663     -2.765    -11.170      1.764
  2.70000e+09     92.714     37.261      9.286     -3.732     -8.307      2.248
  2.80000e+09    105.606     54.159      7.497     -3.845     -6.537      2.782
  2.90000e+09    119.554     69.875      6.235     -3.644     -5.391      3.325
  3.00000e+09    134.375     84.357      5.338     -3.351     -4.606      3.860
=== output files ===
ofd.log, ofd.out
=== cpu time [sec] ===
  part-1 :       0.002
  part-2 :       4.955
  part-3 :       1.423
  part-4 :       0.005
  --------------------
  total  :       6.385
=== normal end ===
Sun Mar  9 18:13:58 2025
